Build started 3/23/2016 10:09:22 PM.
     1>Project "c:\Users\eluguan\documents\visual studio 2010\Projects\algorithm\GreedyChoose\GreedyChoose.vcxproj" on node 2 (build target(s)).
     1>InitializeBuildStatus:
         Touching "Debug\GreedyChoose.unsuccessfulbuild".
       ClCompile:
         All outputs are up-to-date.
         All outputs are up-to-date.
       ManifestResourceCompile:
         All outputs are up-to-date.
       Link:
         c:\Program Files (x86)\Microsoft Visual Studio 10.0\VC\bin\link.exe /ERRORREPORT:PROMPT /OUT:"c:\users\eluguan\documents\visual studio 2010\Projects\algorithm\Debug\GreedyChoose.exe" /INCREMENTAL /NOLOGO kernel32.lib user32.lib gdi32.lib winspool.lib comdlg32.lib advapi32.lib shell32.lib ole32.lib oleaut32.lib uuid.lib odbc32.lib odbccp32.lib /MANIFEST /ManifestFile:"Debug\GreedyChoose.exe.intermediate.manifest" /MANIFESTUAC:"level='asInvoker' uiAccess='false'" /DEBUG /PDB:"c:\users\eluguan\documents\visual studio 2010\Projects\algorithm\Debug\GreedyChoose.pdb" /SUBSYSTEM:CONSOLE /TLBID:1 /DYNAMICBASE /NXCOMPAT /IMPLIB:"c:\users\eluguan\documents\visual studio 2010\Projects\algorithm\Debug\GreedyChoose.lib" /MACHINE:X86 Debug\GreedyChoose.exe.embed.manifest.res
         Debug\GreedyChoose.obj
         Debug\stdafx.obj
     1>LINK : fatal error LNK1123: failure during conversion to COFF: file invalid or corrupt
     1>Done Building Project "c:\Users\eluguan\documents\visual studio 2010\Projects\algorithm\GreedyChoose\GreedyChoose.vcxproj" (build target(s)) -- FAILED.

Build FAILED.

Time Elapsed 00:00:00.35
